Wrote to instruction space memory address. Address: 0x0, Memory Size: 0x800
Wrote to instruction space memory address. Address: 0x1, Memory Size: 0x800
Wrote to instruction space memory address. Address: 0x2, Memory Size: 0x800
Wrote to instruction space memory address. Address: 0x3, Memory Size: 0x800
Wrote to instruction space memory address. Address: 0x4, Memory Size: 0x800
Wrote to instruction space memory address. Address: 0x5, Memory Size: 0x800
Wrote to instruction space memory address. Address: 0x6, Memory Size: 0x800
Wrote to instruction space memory address. Address: 0x7, Memory Size: 0x800
Wrote to instruction space memory address. Address: 0x8, Memory Size: 0x800
Wrote to instruction space memory address. Address: 0x9, Memory Size: 0x800
Wrote to instruction space memory address. Address: 0xa, Memory Size: 0x800
Wrote to instruction space memory address. Address: 0xb, Memory Size: 0x800
Wrote to instruction space memory address. Address: 0xc, Memory Size: 0x800
Wrote to instruction space memory address. Address: 0xd, Memory Size: 0x800
Wrote to instruction space memory address. Address: 0xe, Memory Size: 0x800
Wrote to instruction space memory address. Address: 0xf, Memory Size: 0x800
Wrote to instruction space memory address. Address: 0x10, Memory Size: 0x800
Wrote to instruction space memory address. Address: 0x11, Memory Size: 0x800
Wrote to instruction space memory address. Address: 0x12, Memory Size: 0x800
Wrote to instruction space memory address. Address: 0x13, Memory Size: 0x800
Wrote to instruction space memory address. Address: 0x14, Memory Size: 0x800
Wrote to instruction space memory address. Address: 0x15, Memory Size: 0x800
Wrote to instruction space memory address. Address: 0x16, Memory Size: 0x800
Wrote to instruction space memory address. Address: 0x17, Memory Size: 0x800
Wrote to memory address. Address: 0x200, Memory Size: 0x800
Wrote to memory address. Address: 0x201, Memory Size: 0x800
Wrote to memory address. Address: 0x202, Memory Size: 0x800
Wrote to memory address. Address: 0x203, Memory Size: 0x800
Wrote to memory address. Address: 0x204, Memory Size: 0x800
Wrote to memory address. Address: 0x205, Memory Size: 0x800
Wrote to memory address. Address: 0x206, Memory Size: 0x800
Wrote to memory address. Address: 0x207, Memory Size: 0x800
Wrote to memory address. Address: 0x208, Memory Size: 0x800
Wrote to memory address. Address: 0x209, Memory Size: 0x800
Wrote to memory address. Address: 0x20a, Memory Size: 0x800
Wrote to memory address. Address: 0x20b, Memory Size: 0x800
Wrote to memory address. Address: 0x20c, Memory Size: 0x800
Wrote to memory address. Address: 0x20d, Memory Size: 0x800
Wrote to memory address. Address: 0x200, Memory Size: 0x800
Wrote to memory address. Address: 0x201, Memory Size: 0x800
Wrote to memory address. Address: 0x202, Memory Size: 0x800
Wrote to memory address. Address: 0x203, Memory Size: 0x800
Wrote to memory address. Address: 0x200, Memory Size: 0x800
Wrote to memory address. Address: 0x201, Memory Size: 0x800
Wrote to memory address. Address: 0x202, Memory Size: 0x800
Wrote to memory address. Address: 0x203, Memory Size: 0x800
Wrote to memory address. Address: 0x200, Memory Size: 0x800
Wrote to memory address. Address: 0x201, Memory Size: 0x800
Wrote to memory address. Address: 0x202, Memory Size: 0x800
Wrote to memory address. Address: 0x203, Memory Size: 0x800
Wrote to memory address. Address: 0x200, Memory Size: 0x800
Wrote to memory address. Address: 0x201, Memory Size: 0x800
Wrote to memory address. Address: 0x202, Memory Size: 0x800
Wrote to memory address. Address: 0x203, Memory Size: 0x800
Wrote to memory address. Address: 0x200, Memory Size: 0x800
Wrote to memory address. Address: 0x201, Memory Size: 0x800
Wrote to memory address. Address: 0x202, Memory Size: 0x800
Wrote to memory address. Address: 0x203, Memory Size: 0x800
Wrote to memory address. Address: 0x200, Memory Size: 0x800
Wrote to memory address. Address: 0x201, Memory Size: 0x800
Wrote to memory address. Address: 0x202, Memory Size: 0x800
Wrote to memory address. Address: 0x203, Memory Size: 0x800
Wrote to memory address. Address: 0x200, Memory Size: 0x800
Wrote to memory address. Address: 0x201, Memory Size: 0x800
Wrote to memory address. Address: 0x202, Memory Size: 0x800
Wrote to memory address. Address: 0x203, Memory Size: 0x800
Wrote to memory address. Address: 0x200, Memory Size: 0x800
Wrote to memory address. Address: 0x201, Memory Size: 0x800
Wrote to memory address. Address: 0x202, Memory Size: 0x800
Wrote to memory address. Address: 0x203, Memory Size: 0x800
Wrote to memory address. Address: 0x200, Memory Size: 0x800
Wrote to memory address. Address: 0x201, Memory Size: 0x800
Wrote to memory address. Address: 0x202, Memory Size: 0x800
Wrote to memory address. Address: 0x203, Memory Size: 0x800
Wrote to memory address. Address: 0x200, Memory Size: 0x800
Wrote to memory address. Address: 0x201, Memory Size: 0x800
Wrote to memory address. Address: 0x202, Memory Size: 0x800
Wrote to memory address. Address: 0x203, Memory Size: 0x800
Wrote to memory address. Address: 0x200, Memory Size: 0x800
Wrote to memory address. Address: 0x201, Memory Size: 0x800
Wrote to memory address. Address: 0x202, Memory Size: 0x800
Wrote to memory address. Address: 0x203, Memory Size: 0x800
Wrote to memory address. Address: 0x200, Memory Size: 0x800
Wrote to memory address. Address: 0x201, Memory Size: 0x800
Wrote to memory address. Address: 0x202, Memory Size: 0x800
Wrote to memory address. Address: 0x203, Memory Size: 0x800
Wrote to memory address. Address: 0x200, Memory Size: 0x800
Wrote to memory address. Address: 0x201, Memory Size: 0x800
Wrote to memory address. Address: 0x202, Memory Size: 0x800
Wrote to memory address. Address: 0x203, Memory Size: 0x800
Wrote to memory address. Address: 0x200, Memory Size: 0x800
Wrote to memory address. Address: 0x201, Memory Size: 0x800
Wrote to memory address. Address: 0x202, Memory Size: 0x800
Wrote to memory address. Address: 0x203, Memory Size: 0x800
Wrote to memory address. Address: 0x200, Memory Size: 0x800
Wrote to memory address. Address: 0x201, Memory Size: 0x800
Wrote to memory address. Address: 0x202, Memory Size: 0x800
Wrote to memory address. Address: 0x203, Memory Size: 0x800
Wrote to memory address. Address: 0x200, Memory Size: 0x800
Wrote to memory address. Address: 0x201, Memory Size: 0x800
Wrote to memory address. Address: 0x202, Memory Size: 0x800
Wrote to memory address. Address: 0x203, Memory Size: 0x800
Wrote to memory address. Address: 0x200, Memory Size: 0x800
Wrote to memory address. Address: 0x201, Memory Size: 0x800
Wrote to memory address. Address: 0x202, Memory Size: 0x800
Wrote to memory address. Address: 0x203, Memory Size: 0x800
Wrote to memory address. Address: 0x200, Memory Size: 0x800
Wrote to memory address. Address: 0x201, Memory Size: 0x800
Wrote to memory address. Address: 0x202, Memory Size: 0x800
Wrote to memory address. Address: 0x203, Memory Size: 0x800
Wrote to memory address. Address: 0x200, Memory Size: 0x800
Wrote to memory address. Address: 0x201, Memory Size: 0x800
Wrote to memory address. Address: 0x202, Memory Size: 0x800
Wrote to memory address. Address: 0x203, Memory Size: 0x800
Wrote to memory address. Address: 0x200, Memory Size: 0x800
Wrote to memory address. Address: 0x201, Memory Size: 0x800
Wrote to memory address. Address: 0x202, Memory Size: 0x800
Wrote to memory address. Address: 0x203, Memory Size: 0x800
Wrote to memory address. Address: 0x200, Memory Size: 0x800
Wrote to memory address. Address: 0x201, Memory Size: 0x800
Wrote to memory address. Address: 0x202, Memory Size: 0x800
Wrote to memory address. Address: 0x203, Memory Size: 0x800
Wrote to memory address. Address: 0x200, Memory Size: 0x800
Wrote to memory address. Address: 0x201, Memory Size: 0x800
Wrote to memory address. Address: 0x202, Memory Size: 0x800
Wrote to memory address. Address: 0x203, Memory Size: 0x800
Wrote to memory address. Address: 0x200, Memory Size: 0x800
Wrote to memory address. Address: 0x201, Memory Size: 0x800
Wrote to memory address. Address: 0x202, Memory Size: 0x800
Wrote to memory address. Address: 0x203, Memory Size: 0x800
Wrote to memory address. Address: 0x200, Memory Size: 0x800
Wrote to memory address. Address: 0x201, Memory Size: 0x800
Wrote to memory address. Address: 0x202, Memory Size: 0x800
Wrote to memory address. Address: 0x203, Memory Size: 0x800
Wrote to memory address. Address: 0x200, Memory Size: 0x800
Wrote to memory address. Address: 0x201, Memory Size: 0x800
Wrote to memory address. Address: 0x202, Memory Size: 0x800
Wrote to memory address. Address: 0x203, Memory Size: 0x800
Wrote to memory address. Address: 0x200, Memory Size: 0x800
Wrote to memory address. Address: 0x201, Memory Size: 0x800
Wrote to memory address. Address: 0x202, Memory Size: 0x800
Wrote to memory address. Address: 0x203, Memory Size: 0x800
Wrote to memory address. Address: 0x200, Memory Size: 0x800
Wrote to memory address. Address: 0x201, Memory Size: 0x800
Wrote to memory address. Address: 0x202, Memory Size: 0x800
Wrote to memory address. Address: 0x203, Memory Size: 0x800
Wrote to memory address. Address: 0x200, Memory Size: 0x800
Wrote to memory address. Address: 0x201, Memory Size: 0x800
Wrote to memory address. Address: 0x202, Memory Size: 0x800
Wrote to memory address. Address: 0x203, Memory Size: 0x800
Wrote to memory address. Address: 0x200, Memory Size: 0x800
Wrote to memory address. Address: 0x201, Memory Size: 0x800
Wrote to memory address. Address: 0x202, Memory Size: 0x800
Wrote to memory address. Address: 0x203, Memory Size: 0x800
Wrote to memory address. Address: 0x200, Memory Size: 0x800
Wrote to memory address. Address: 0x201, Memory Size: 0x800
Wrote to memory address. Address: 0x202, Memory Size: 0x800
Wrote to memory address. Address: 0x203, Memory Size: 0x800
Wrote to memory address. Address: 0x200, Memory Size: 0x800
Wrote to memory address. Address: 0x201, Memory Size: 0x800
Wrote to memory address. Address: 0x202, Memory Size: 0x800
Wrote to memory address. Address: 0x203, Memory Size: 0x800
Wrote to memory address. Address: 0x200, Memory Size: 0x800
Wrote to memory address. Address: 0x201, Memory Size: 0x800
Wrote to memory address. Address: 0x202, Memory Size: 0x800
Wrote to memory address. Address: 0x203, Memory Size: 0x800
Wrote to memory address. Address: 0x200, Memory Size: 0x800
Wrote to memory address. Address: 0x201, Memory Size: 0x800
Wrote to memory address. Address: 0x202, Memory Size: 0x800
Wrote to memory address. Address: 0x203, Memory Size: 0x800
Wrote to memory address. Address: 0x200, Memory Size: 0x800
Wrote to memory address. Address: 0x201, Memory Size: 0x800
Wrote to memory address. Address: 0x202, Memory Size: 0x800
Wrote to memory address. Address: 0x203, Memory Size: 0x800
Wrote to memory address. Address: 0x200, Memory Size: 0x800
